SF:/mnt/c/Users/Tugba Nur Uygun/Desktop/ce205-final-sevval-asi-tugbanur-uygun-durdanenaz-babaoglu-irem-acinan-cpp/src/market/header/market.h
DA:66,0
DA:67,0
DA:68,0
DA:69,0
DA:70,0
DA:65,0
DA:40,0
DA:41,0
DA:39,0
DA:102,0
DA:103,0
DA:104,0
DA:101,0
DA:34,0
DA:35,0
DA:36,0
DA:33,0
DA:89,0
DA:90,0
DA:91,0
DA:92,0
DA:88,0
DA:45,0
DA:46,0
DA:47,0
DA:48,0
DA:44,0
DA:96,0
DA:97,0
DA:95,0
DA:82,0
DA:83,0
DA:84,0
DA:81,0
DA:75,0
DA:76,0
DA:77,0
DA:74,0
DA:53,0
DA:54,0
DA:55,0
DA:52,0
DA:26,0
DA:27,0
DA:28,0
DA:29,0
DA:30,0
DA:25,0
DA:59,0
DA:60,0
DA:61,0
DA:58,0
DA:16,0
DA:17,0
DA:15,0
DA:21,0
DA:22,0
DA:20,0
DA:3,0
DA:4,0
DA:5,0
DA:6,0
DA:7,0
DA:8,0
DA:71,0
DA:98,0
DA:105,0
DA:169,0
DA:170,0
DA:171,0
DA:107,0
DA:108,0
DA:110,0
DA:111,0
DA:112,0
DA:113,0
DA:114,0
DA:115,0
DA:117,0
DA:118,0
DA:119,0
DA:120,0
DA:121,0
DA:122,0
DA:123,0
DA:124,0
DA:125,0
DA:126,0
DA:127,0
DA:128,0
DA:129,0
DA:130,0
DA:131,0
DA:132,0
DA:134,0
DA:135,0
DA:136,0
DA:137,0
DA:138,0
DA:141,0
DA:142,0
DA:143,0
DA:144,0
DA:145,0
DA:146,0
DA:147,0
DA:148,0
DA:149,0
DA:150,0
DA:151,0
DA:152,0
DA:153,0
DA:154,0
DA:155,0
DA:157,0
DA:158,0
DA:159,0
DA:160,0
DA:161,0
DA:162,0
DA:163,0
DA:164,0
DA:165,0
DA:173,0
DA:174,0
DA:175,0
DA:176,0
DA:177,0
DA:178,0
DA:180,0
DA:1,0
end_of_record
SF:/mnt/c/Users/Tugba Nur Uygun/Desktop/ce205-final-sevval-asi-tugbanur-uygun-durdanenaz-babaoglu-irem-acinan-cpp/src/utility/header/mathUtility.h
DA:33,1
DA:45,1
DA:59,1
DA:72,1
DA:21,1
DA:13,0
DA:15,0
DA:1,1
end_of_record
SF:/mnt/c/Users/Tugba Nur Uygun/Desktop/ce205-final-sevval-asi-tugbanur-uygun-durdanenaz-babaoglu-irem-acinan-cpp/README.md
DA:1,0
end_of_record
SF:/mnt/c/Users/Tugba Nur Uygun/Desktop/ce205-final-sevval-asi-tugbanur-uygun-durdanenaz-babaoglu-irem-acinan-cpp/src/market/src/market.cpp
DA:1,0
DA:23,0
DA:24,0
DA:25,0
DA:26,0
DA:27,0
DA:28,0
DA:29,0
DA:30,0
DA:33,0
DA:35,0
DA:36,0
DA:37,0
DA:736,0
DA:1180,0
DA:1181,0
DA:39,0
DA:47,0
DA:62,0
DA:105,0
DA:148,0
DA:186,0
DA:226,0
DA:274,0
DA:314,0
DA:346,0
DA:400,0
DA:423,0
DA:443,0
DA:473,0
DA:482,0
DA:489,0
DA:509,0
DA:518,0
DA:531,0
DA:539,0
DA:553,0
DA:573,0
DA:594,0
DA:600,0
DA:609,0
DA:648,0
DA:691,0
DA:739,0
DA:775,0
DA:843,0
DA:911,0
DA:970,0
DA:1023,0
DA:1184,0
DA:1197,0
DA:1212,0
DA:1217,0
DA:1228,0
DA:1233,0
DA:1238,0
DA:1245,0
DA:1250,0
DA:1260,0
DA:1271,0
DA:1290,0
DA:1346,0
DA:1371,0
DA:1387,0
DA:1432,0
DA:1444,0
DA:1509,0
DA:1527,0
DA:1540,0
DA:1558,0
DA:1644,0
DA:1701,0
DA:1706,0
DA:1745,0
DA:1818,0
DA:1841,0
DA:1865,0
DA:1899,0
DA:1958,0
DA:1996,0
DA:2075,0
end_of_record
SF:/mnt/c/Users/Tugba Nur Uygun/Desktop/ce205-final-sevval-asi-tugbanur-uygun-durdanenaz-babaoglu-irem-acinan-cpp/src/marketapp/header/marketapp.h
DA:1,1
end_of_record
SF:/mnt/c/Users/Tugba Nur Uygun/Desktop/ce205-final-sevval-asi-tugbanur-uygun-durdanenaz-babaoglu-irem-acinan-cpp/src/marketapp/src/marketapp.cpp
DA:11,0
DA:1,0
end_of_record
SF:/mnt/c/Users/Tugba Nur Uygun/Desktop/ce205-final-sevval-asi-tugbanur-uygun-durdanenaz-babaoglu-irem-acinan-cpp/src/utility/header/commonTypes.h
DA:1,1
end_of_record
SF:/mnt/c/Users/Tugba Nur Uygun/Desktop/ce205-final-sevval-asi-tugbanur-uygun-durdanenaz-babaoglu-irem-acinan-cpp/src/utility/src/mathUtility.cpp
DA:1,1
end_of_record
SF:/mnt/c/Users/Tugba Nur Uygun/Desktop/ce205-final-sevval-asi-tugbanur-uygun-durdanenaz-babaoglu-irem-acinan-cpp/docs/doxygenliblinux/xml/indexpage.xml
DA:1,1
end_of_record
