SF:/mnt/c/Users/tugba/OneDrive/Desktop/ce205-final-sevval-asi-tugbanur-uygun-durdanenaz-babaoglu-irem-acinan-cpp/src/market/header/market.h
DA:188,1
DA:189,1
DA:190,1
DA:191,1
DA:192,1
DA:187,1
DA:134,1
DA:135,1
DA:133,1
DA:232,1
DA:233,1
DA:234,1
DA:231,1
DA:107,1
DA:108,1
DA:109,1
DA:106,1
DA:321,1
DA:322,1
DA:323,0
DA:320,1
DA:205,1
DA:206,1
DA:207,1
DA:208,1
DA:204,1
DA:147,1
DA:148,1
DA:149,1
DA:150,1
DA:146,1
DA:220,1
DA:221,1
DA:219,1
DA:340,1
DA:341,1
DA:342,1
DA:339,1
DA:161,1
DA:162,1
DA:163,1
DA:160,1
DA:120,1
DA:121,1
DA:119,1
DA:92,1
DA:93,1
DA:94,1
DA:95,1
DA:96,1
DA:91,1
DA:271,1
DA:272,1
DA:270,1
DA:261,1
DA:262,1
DA:260,1
DA:175,1
DA:176,1
DA:177,1
DA:174,1
DA:252,1
DA:251,1
DA:243,1
DA:244,1
DA:242,1
DA:67,1
DA:68,1
DA:66,1
DA:79,1
DA:80,1
DA:78,1
DA:15,1
DA:17,1
DA:19,1
DA:21,1
DA:23,1
DA:25,1
DA:27,1
DA:29,1
DA:31,1
DA:33,1
DA:48,1
DA:57,1
DA:304,1
DA:193,0
DA:222,0
DA:235,0
DA:245,0
DA:253,0
DA:263,0
DA:273,0
DA:324,1
DA:343,0
DA:396,1
DA:397,1
DA:398,1
DA:276,1
DA:277,1
DA:279,1
DA:280,1
DA:281,1
DA:282,0
DA:283,0
DA:284,1
DA:293,1
DA:346,1
DA:347,1
DA:348,1
DA:349,1
DA:350,1
DA:351,1
DA:352,1
DA:353,1
DA:354,1
DA:355,1
DA:356,1
DA:357,1
DA:358,0
DA:359,0
DA:360,1
DA:361,1
DA:362,1
DA:363,1
DA:364,1
DA:365,1
DA:368,1
DA:369,1
DA:370,1
DA:371,1
DA:372,1
DA:373,1
DA:374,1
DA:375,1
DA:376,1
DA:377,1
DA:378,1
DA:379,1
DA:380,1
DA:381,1
DA:382,1
DA:384,1
DA:385,1
DA:386,0
DA:387,1
DA:388,1
DA:389,1
DA:390,1
DA:391,0
DA:392,0
DA:400,1
DA:401,1
DA:402,1
DA:403,1
DA:404,1
DA:405,0
DA:407,1
DA:408,1
DA:409,1
DA:410,1
DA:1,1
end_of_record
SF:/mnt/c/Users/tugba/OneDrive/Desktop/ce205-final-sevval-asi-tugbanur-uygun-durdanenaz-babaoglu-irem-acinan-cpp/src/utility/header/mathUtility.h
DA:33,1
DA:45,1
DA:59,1
DA:72,1
DA:21,1
DA:13,0
DA:15,0
DA:1,1
end_of_record
SF:/mnt/c/Users/tugba/OneDrive/Desktop/ce205-final-sevval-asi-tugbanur-uygun-durdanenaz-babaoglu-irem-acinan-cpp/README.md
DA:1,0
end_of_record
SF:/mnt/c/Users/tugba/OneDrive/Desktop/ce205-final-sevval-asi-tugbanur-uygun-durdanenaz-babaoglu-irem-acinan-cpp/src/market/src/market.cpp
DA:49,1
DA:52,1
DA:55,1
DA:58,1
DA:61,1
DA:64,1
DA:67,1
DA:70,1
DA:73,1
DA:76,1
DA:85,1
DA:94,1
DA:103,1
DA:112,1
DA:121,1
DA:515,0
DA:516,0
DA:518,0
DA:950,1
DA:1529,1
DA:1534,1
DA:128,1
DA:142,1
DA:162,1
DA:223,1
DA:275,1
DA:324,1
DA:375,1
DA:430,1
DA:480,1
DA:530,1
DA:547,1
DA:564,1
DA:592,1
DA:608,1
DA:629,1
DA:661,1
DA:687,1
DA:705,1
DA:731,1
DA:769,1
DA:827,1
DA:870,1
DA:907,1
DA:961,1
DA:1000,1
DA:1013,1
DA:1026,1
DA:1043,1
DA:1060,1
DA:1075,1
DA:1089,1
DA:1102,1
DA:1126,1
DA:1149,1
DA:1165,1
DA:1247,1
DA:1271,1
DA:1331,1
DA:1378,1
DA:1424,1
DA:1547,1
DA:1565,1
DA:1581,1
DA:1591,1
DA:1609,1
DA:1620,1
DA:1631,1
DA:1644,1
DA:1657,1
DA:1674,1
DA:1688,1
DA:1716,1
DA:1774,1
DA:1801,1
DA:1827,1
DA:1871,1
DA:1892,1
DA:1965,1
DA:1990,1
DA:2009,1
DA:2038,1
DA:2105,1
DA:2168,1
DA:2183,1
DA:2220,1
DA:2292,1
DA:2350,1
DA:2374,1
DA:2404,1
DA:2454,1
DA:2495,1
DA:2584,1
DA:2620,1
DA:2656,1
DA:1,0
end_of_record
SF:/mnt/c/Users/tugba/OneDrive/Desktop/ce205-final-sevval-asi-tugbanur-uygun-durdanenaz-babaoglu-irem-acinan-cpp/src/marketapp/header/marketapp.h
DA:1,1
end_of_record
SF:/mnt/c/Users/tugba/OneDrive/Desktop/ce205-final-sevval-asi-tugbanur-uygun-durdanenaz-babaoglu-irem-acinan-cpp/src/marketapp/src/marketapp.cpp
DA:40,1
DA:1,1
end_of_record
SF:/mnt/c/Users/tugba/OneDrive/Desktop/ce205-final-sevval-asi-tugbanur-uygun-durdanenaz-babaoglu-irem-acinan-cpp/src/utility/header/commonTypes.h
DA:1,1
end_of_record
SF:/mnt/c/Users/tugba/OneDrive/Desktop/ce205-final-sevval-asi-tugbanur-uygun-durdanenaz-babaoglu-irem-acinan-cpp/src/utility/src/mathUtility.cpp
DA:1,1
end_of_record
SF:/mnt/c/Users/tugba/OneDrive/Desktop/ce205-final-sevval-asi-tugbanur-uygun-durdanenaz-babaoglu-irem-acinan-cpp/docs/doxygenliblinux/xml/indexpage.xml
DA:1,1
end_of_record
