SF:/mnt/c/Users/Tugba Nur Uygun/Desktop/ce205-final-sevval-asi-tugbanur-uygun-durdanenaz-babaoglu-irem-acinan-cpp/src/tests/market/market_test.cpp
DA:7,0
DA:8,0
DA:10,0
DA:15,0
DA:20,0
DA:28,0
DA:5,0
DA:41,0
DA:55,0
DA:69,0
DA:83,0
DA:97,0
DA:111,0
DA:125,0
DA:140,0
DA:155,0
DA:169,0
DA:183,0
DA:197,0
DA:211,0
DA:225,0
DA:240,0
DA:254,0
DA:268,0
DA:282,0
DA:296,0
DA:310,0
DA:324,0
DA:338,0
DA:352,0
DA:366,0
DA:380,0
DA:395,0
DA:410,0
DA:425,0
DA:439,0
DA:452,0
DA:465,0
DA:481,0
DA:1,0
end_of_record
SF:/mnt/c/Users/Tugba Nur Uygun/Desktop/ce205-final-sevval-asi-tugbanur-uygun-durdanenaz-babaoglu-irem-acinan-cpp/src/tests/utility/utility_test.cpp
DA:21,0
DA:23,0
DA:27,0
DA:19,0
DA:17,0
DA:34,0
DA:46,0
DA:56,0
DA:66,0
DA:76,0
DA:86,0
DA:96,0
DA:108,0
DA:127,1
DA:1,0
end_of_record
SF:/mnt/c/Users/Tugba Nur Uygun/Desktop/ce205-final-sevval-asi-tugbanur-uygun-durdanenaz-babaoglu-irem-acinan-cpp/README.md
DA:1,0
end_of_record
SF:/mnt/c/Users/Tugba Nur Uygun/Desktop/ce205-final-sevval-asi-tugbanur-uygun-durdanenaz-babaoglu-irem-acinan-cpp/docs/doxygentestlinux/xml/indexpage.xml
DA:1,1
end_of_record
