SF:/mnt/c/Users/Tugba Nur Uygun/Desktop/ce205-final-sevval-asi-tugbanur-uygun-durdanenaz-babaoglu-irem-acinan-cpp/src/tests/market/market_test.cpp
DA:22,0
DA:23,0
DA:29,1
DA:37,1
DA:46,1
DA:57,1
DA:20,1
DA:75,1
DA:93,1
DA:111,1
DA:127,0
DA:141,0
DA:155,0
DA:174,1
DA:193,1
DA:211,1
DA:230,1
DA:249,1
DA:268,1
DA:286,1
DA:305,1
DA:323,1
DA:342,1
DA:357,0
DA:371,0
DA:385,0
DA:399,0
DA:413,0
DA:427,0
DA:441,0
DA:455,0
DA:474,1
DA:493,1
DA:513,1
DA:532,1
DA:549,1
DA:571,1
DA:593,1
DA:614,1
DA:635,1
DA:653,1
DA:667,1
DA:686,1
DA:700,0
DA:714,0
DA:728,0
DA:754,1
DA:1,1
end_of_record
SF:/mnt/c/Users/Tugba Nur Uygun/Desktop/ce205-final-sevval-asi-tugbanur-uygun-durdanenaz-babaoglu-irem-acinan-cpp/README.md
DA:1,0
end_of_record
SF:/mnt/c/Users/Tugba Nur Uygun/Desktop/ce205-final-sevval-asi-tugbanur-uygun-durdanenaz-babaoglu-irem-acinan-cpp/src/tests/utility/utility_test.cpp
DA:1,0
end_of_record
SF:/mnt/c/Users/Tugba Nur Uygun/Desktop/ce205-final-sevval-asi-tugbanur-uygun-durdanenaz-babaoglu-irem-acinan-cpp/docs/doxygentestlinux/xml/test.xml
DA:1,1
end_of_record
SF:/mnt/c/Users/Tugba Nur Uygun/Desktop/ce205-final-sevval-asi-tugbanur-uygun-durdanenaz-babaoglu-irem-acinan-cpp/docs/doxygentestlinux/xml/indexpage.xml
DA:1,1
end_of_record
